<?xml version='1.0' encoding='UTF-8'?>
<testsuite hostname="Harry-Dev" name="com.cloudxlab.logparsing.SampleTest" tests="2" errors="0" failures="0" skipped="0" time="1.439" timestamp="2019-05-16T17:53:28">
                     <properties>
[...]
</properties>
                     <testcase classname="com.cloudxlab.logparsing.SampleTest" name="Computing top10" time="1.273">
                                                 
                                               </testcase><testcase classname="com.cloudxlab.logparsing.SampleTest" name="Should remove IP addresses having 1st Octet Decimal more than 126" time="0.166">
                                                 
                                               </testcase>
                     <system-out><![CDATA[]]></system-out>
                     <system-err><![CDATA[]]></system-err>
                   </testsuite>